10:43:57 [INFO] creating new server
10:43:57 [INFO] starting new server
10:44:03 [INFO] New connection received
10:44:03 [INFO] New connection received
10:44:03 [INFO] New connection received
10:44:03 [INFO] New connection received
10:44:03 [INFO] codec: decode len = 10
10:44:03 [INFO] new service call received
10:44:03 [INFO] codec: encode len = 9
10:44:03 [INFO] codec: decode len = 10
10:44:03 [INFO] new service call received
10:44:03 [INFO] codec: encode len = 9
10:44:03 [INFO] codec: decode len = 10
10:44:03 [INFO] new service call received
10:44:03 [INFO] codec: encode len = 9
10:44:03 [INFO] codec: decode len = 10
10:44:03 [INFO] new service call received
10:44:04 [INFO] codec: encode len = 9
10:44:04 [INFO] codec: decode len = 10
10:44:04 [INFO] new service call received
10:44:04 [INFO] codec: encode len = 9
10:44:04 [INFO] codec: decode len = 10
10:44:04 [INFO] new service call received
10:44:04 [INFO] codec: encode len = 9
10:44:04 [INFO] codec: decode len = 10
10:44:04 [INFO] new service call received
10:44:04 [INFO] codec: encode len = 9
10:44:04 [INFO] codec: decode len = 10
10:44:04 [INFO] new service call received
10:44:04 [INFO] codec: encode len = 9
10:44:04 [INFO] codec: decode len = 10
10:44:04 [INFO] new service call received
10:44:05 [INFO] codec: encode len = 9
10:44:05 [INFO] codec: decode len = 10
10:44:05 [INFO] new service call received
10:44:05 [INFO] codec: encode len = 9
10:44:05 [INFO] codec: decode len = 10
10:44:05 [INFO] new service call received
10:44:05 [INFO] codec: encode len = 9
10:44:05 [INFO] codec: decode len = 10
10:44:05 [INFO] new service call received
10:44:05 [INFO] codec: encode len = 9
10:44:05 [INFO] codec: decode len = 10
10:44:05 [INFO] new service call received
10:44:05 [INFO] codec: encode len = 9
10:44:05 [INFO] codec: decode len = 10
10:44:05 [INFO] new service call received
10:44:05 [INFO] codec: encode len = 9
10:44:05 [INFO] codec: decode len = 10
10:44:05 [INFO] new service call received
10:44:05 [INFO] codec: encode len = 9
10:44:05 [INFO] codec: decode len = 10
10:44:05 [INFO] new service call received
10:44:05 [INFO] codec: encode len = 9
10:44:05 [INFO] codec: decode len = 10
10:44:05 [INFO] new service call received
10:44:05 [INFO] codec: encode len = 9
10:44:05 [INFO] codec: decode len = 10
10:44:05 [INFO] new service call received
10:44:05 [INFO] codec: encode len = 9
10:44:05 [INFO] codec: decode len = 10
10:44:05 [INFO] new service call received
10:44:06 [INFO] codec: encode len = 9
10:44:06 [INFO] codec: decode len = 10
10:44:06 [INFO] new service call received
10:44:06 [INFO] codec: encode len = 9
10:44:06 [INFO] codec: decode len = 10
10:44:06 [INFO] new service call received
10:44:06 [INFO] codec: encode len = 9
10:44:06 [INFO] codec: decode len = 10
10:44:06 [INFO] new service call received
10:44:06 [INFO] codec: encode len = 9
10:44:06 [INFO] codec: decode len = 10
10:44:06 [INFO] new service call received
10:44:06 [INFO] codec: encode len = 9
10:44:06 [INFO] codec: decode len = 10
10:44:06 [INFO] new service call received
10:44:06 [INFO] codec: encode len = 9
10:44:06 [INFO] codec: decode len = 10
10:44:06 [INFO] new service call received
10:44:06 [INFO] codec: encode len = 9
10:44:06 [INFO] codec: decode len = 10
10:44:06 [INFO] new service call received
10:44:06 [INFO] codec: encode len = 9
10:44:06 [INFO] codec: decode len = 10
10:44:06 [INFO] new service call received
10:44:06 [INFO] codec: encode len = 9
10:44:06 [INFO] codec: decode len = 10
10:44:06 [INFO] new service call received
10:44:06 [INFO] codec: encode len = 9
10:44:06 [INFO] codec: decode len = 10
10:44:06 [INFO] new service call received
10:44:07 [INFO] codec: encode len = 9
10:44:07 [INFO] codec: decode len = 10
10:44:07 [INFO] new service call received
10:44:07 [INFO] codec: encode len = 9
10:44:07 [INFO] codec: decode len = 10
10:44:07 [INFO] new service call received
10:44:07 [INFO] codec: encode len = 9
10:44:07 [INFO] codec: decode len = 10
10:44:07 [INFO] new service call received
10:44:07 [INFO] codec: encode len = 9
10:44:07 [INFO] codec: decode len = 10
10:44:07 [INFO] new service call received
10:44:07 [INFO] codec: encode len = 9
10:44:07 [INFO] codec: decode len = 10
10:44:07 [INFO] new service call received
10:44:08 [INFO] codec: encode len = 9
10:44:08 [INFO] codec: decode len = 10
10:44:08 [INFO] new service call received
10:44:08 [INFO] codec: encode len = 9
10:44:08 [INFO] codec: decode len = 10
10:44:08 [INFO] new service call received
10:44:08 [INFO] codec: encode len = 9
10:44:08 [INFO] codec: decode len = 10
10:44:08 [INFO] new service call received
10:44:08 [INFO] codec: encode len = 9
10:44:08 [INFO] codec: decode len = 10
10:44:08 [INFO] new service call received
10:44:08 [INFO] codec: encode len = 9
10:44:08 [INFO] codec: decode len = 10
10:44:08 [INFO] new service call received
10:44:08 [INFO] codec: encode len = 9
10:44:08 [INFO] codec: decode len = 10
10:44:08 [INFO] new service call received
10:44:08 [INFO] codec: encode len = 9
